  MyOwn.cpp
MyOwn.cpp(1): warning C4005: 'UNICODE' : macro redefinition
          command-line arguments :  see previous definition of 'UNICODE'
MyOwn.cpp(2): warning C4005: '_UNICODE' : macro redefinition
          command-line arguments :  see previous definition of '_UNICODE'
MyOwn.cpp(1): warning C4603: 'UNICODE' : macro is not defined or definition is different after precompiled header use
          Add macro to precompiled header instead of defining here
          MyOwn.cpp(3) : use of precompiled header
MyOwn.cpp(2): warning C4603: '_UNICODE' : macro is not defined or definition is different after precompiled header use
          Add macro to precompiled header instead of defining here
          MyOwn.cpp(3) : use of precompiled header
MyOwn.cpp(208): warning C4244: 'argument' : conversion from 'int' to 'float', possible loss of data
MyOwn.cpp(209): warning C4244: 'argument' : conversion from 'int' to 'float', possible loss of data
MyOwn.cpp(210): warning C4244: 'argument' : conversion from 'int' to 'float', possible loss of data
MyOwn.cpp(219): warning C4244: 'argument' : conversion from 'int' to 'float', possible loss of data
c:\opencv2410\opencv\build\include\opencv2\core\types_c.h(311): warning C4793: 'cvRound' : function compiled as native :
  	Found an intrinsic not supported in managed code
c:\opencv2410\opencv\build\include\opencv2\core\types_c.h(311): warning C4793: 'cvRound' : function compiled as native :
  	Aligned data types not supported in managed code
c:\opencv2410\opencv\build\include\opencv2\core\types_c.h(312): warning C4793: 'cvRound' : function compiled as native :
  	Found an intrinsic not supported in managed code
c:\opencv2410\opencv\build\include\opencv2\core\types_c.h(312): warning C4793: 'cvRound' : function compiled as native :
  	Aligned data types not supported in managed code
c:\opencv2410\opencv\build\include\opencv2\core\types_c.h(337): warning C4793: 'cvRound' : function compiled as native :
  	Aligned data types not supported in managed code
opencv_ts2410.lib(opencv_ts_pch.obj) : warning LNK4099: PDB 'opencv_ts2410.pdb' was not found with 'opencv_ts2410.lib(opencv_ts_pch.obj)' or at 'C:\Users\Dang Chien\documents\visual studio 2013\Projects\MyOwn\x64\Debug\opencv_ts2410.pdb'; linking object as if no debug info
  MyOwn.vcxproj -> C:\Users\Dang Chien\documents\visual studio 2013\Projects\MyOwn\x64\Debug\MyOwn.exe
