c:\users\dang chien\documents\visual studio 2013\projects\myown\myown\x64\debug\myown.pch
c:\users\dang chien\documents\visual studio 2013\projects\myown\myown\x64\debug\vc120.pdb
c:\users\dang chien\documents\visual studio 2013\projects\myown\myown\x64\debug\stdafx.obj
c:\users\dang chien\documents\visual studio 2013\projects\myown\myown\x64\debug\myown.obj
c:\users\dang chien\documents\visual studio 2013\projects\myown\myown\x64\debug\assemblyinfo.obj
c:\users\dang chien\documents\visual studio 2013\projects\myown\myown\x64\debug\.netframework,version=v4.5.assemblyattributes.obj
c:\users\dang chien\documents\visual studio 2013\projects\myown\x64\debug\myown.exe
c:\users\dang chien\documents\visual studio 2013\projects\myown\x64\debug\myown.pdb
c:\users\dang chien\documents\visual studio 2013\projects\myown\myown\x64\debug\app.res
c:\users\dang chien\documents\visual studio 2013\projects\myown\myown\x64\debug\myown.vcxprojresolveassemblyreference.cache
c:\users\dang chien\documents\visual studio 2013\projects\myown\myown\x64\debug\myown.tlog\cl.command.1.tlog
c:\users\dang chien\documents\visual studio 2013\projects\myown\myown\x64\debug\myown.tlog\cl.read.1.tlog
c:\users\dang chien\documents\visual studio 2013\projects\myown\myown\x64\debug\myown.tlog\cl.write.1.tlog
c:\users\dang chien\documents\visual studio 2013\projects\myown\myown\x64\debug\myown.tlog\link.command.1.tlog
c:\users\dang chien\documents\visual studio 2013\projects\myown\myown\x64\debug\myown.tlog\link.read.1.tlog
c:\users\dang chien\documents\visual studio 2013\projects\myown\myown\x64\debug\myown.tlog\link.write.1.tlog
c:\users\dang chien\documents\visual studio 2013\projects\myown\myown\x64\debug\myown.tlog\metagen.read.1.tlog
c:\users\dang chien\documents\visual studio 2013\projects\myown\myown\x64\debug\myown.tlog\metagen.write.1.tlog
c:\users\dang chien\documents\visual studio 2013\projects\myown\myown\x64\debug\myown.tlog\rc.command.1.tlog
c:\users\dang chien\documents\visual studio 2013\projects\myown\myown\x64\debug\myown.tlog\rc.read.1.tlog
c:\users\dang chien\documents\visual studio 2013\projects\myown\myown\x64\debug\myown.tlog\rc.write.1.tlog
c:\users\dang chien\documents\visual studio 2013\projects\myown\myown\x64\debug\myown.tlog\rsaenh.dll.bi
c:\users\dang chien\documents\visual studio 2013\projects\myown\myown\x64\debug\myown.tlog\tzres.dll.bi
